#
# There is insufficient memory for the Java Runtime Environment to continue.
# Native memory allocation (malloc) failed to allocate 189968 bytes for Chunk::new
# Possible reasons:
#   The system is out of physical RAM or swap space
#   In 32 bit mode, the process size limit was hit
# Possible solutions:
#   Reduce memory load on the system
#   Increase physical memory or swap space
#   Check if swap backing store is full
#   Use 64 bit Java on a 64 bit OS
#   Decrease Java heap size (-Xmx/-Xms)
#   Decrease number of Java threads
#   Decrease Java thread stack sizes (-Xss)
#   Set larger code cache with -XX:ReservedCodeCacheSize=
# This output file may be truncated or incomplete.
#
#  Out of Memory Error (allocation.cpp:323), pid=1624, tid=5644
#
# JRE version: Java(TM) SE Runtime Environment (7.0_45-b18) (build 1.7.0_45-b18)
# Java VM: Java HotSpot(TM) 64-Bit Server VM (24.45-b08 mixed mode windows-amd64 compressed oops)
# Failed to write core dump. Minidumps are not enabled by default on client versions of Windows
#

---------------  T H R E A D  ---------------

Current thread (0x0000000006b6e800):  JavaThread "C2 CompilerThread0" daemon [_thread_in_native, id=5644, stack(0x0000000007b30000,0x0000000007c30000)]

Stack: [0x0000000007b30000,0x0000000007c30000]

Current CompileTask:
C2:   4702   93   !         sun.net.www.ParseUtil::decode (316 bytes)


---------------  P R O C E S S  ---------------

Java Threads: ( => current thread )
  0x0000000006b89800 JavaThread "Service Thread" daemon [_thread_blocked, id=4276, stack(0x00000000082e0000,0x00000000083e0000)]
  0x0000000006b80800 JavaThread "C2 CompilerThread1" daemon [_thread_blocked, id=4652, stack(0x0000000008130000,0x0000000008230000)]
=>0x0000000006b6e800 JavaThread "C2 CompilerThread0" daemon [_thread_in_native, id=5644, stack(0x0000000007b30000,0x0000000007c30000)]
  0x0000000006b6d000 JavaThread "Attach Listener" daemon [_thread_blocked, id=916, stack(0x0000000007e50000,0x0000000007f50000)]
  0x0000000006b6b800 JavaThread "Signal Dispatcher" daemon [_thread_blocked, id=1572, stack(0x0000000007cc0000,0x0000000007dc0000)]
  0x0000000006b15000 JavaThread "Finalizer" daemon [_thread_blocked, id=4440, stack(0x00000000079e0000,0x0000000007ae0000)]
  0x0000000001e4a800 JavaThread "Reference Handler" daemon [_thread_blocked, id=4724, stack(0x00000000077f0000,0x00000000078f0000)]
  0x0000000001d70000 JavaThread "main" [_thread_in_native, id=4508, stack(0x00000000022a0000,0x00000000023a0000)]

Other Threads:
  0x0000000001e46000 VMThread [stack: 0x0000000007610000,0x0000000007710000] [id=6080]
  0x0000000006b92800 WatcherThread [stack: 0x0000000008000000,0x0000000008100000] [id=3344]

VM state:not at safepoint (normal execution)

VM Mutex/Monitor currently owned by a thread: None

Heap
 PSYoungGen      total 19456K, used 3578K [0x00000000f5500000, 0x00000000f6900000, 0x0000000100000000)
  eden space 18432K, 14% used [0x00000000f5500000,0x00000000f5786990,0x00000000f6700000)
  from space 1024K, 96% used [0x00000000f6700000,0x00000000f67f8020,0x00000000f6800000)
  to   space 1024K, 0% used [0x00000000f6800000,0x00000000f6800000,0x00000000f6900000)
 ParOldGen       total 21504K, used 7159K [0x00000000e0000000, 0x00000000e1500000, 0x00000000f5500000)
  object space 21504K, 33% used [0x00000000e0000000,0x00000000e06fddf0,0x00000000e1500000)
 PSPermGen       total 21504K, used 11113K [0x00000000dae00000, 0x00000000dc300000, 0x00000000e0000000)
  object space 21504K, 51% used [0x00000000dae00000,0x00000000db8da708,0x00000000dc300000)

Card table byte_map: [0x0000000001f40000,0x0000000002070000] byte_map_base: 0x0000000001869000

Polling page: 0x0000000000210000

Code Cache  [0x00000000023a0000, 0x0000000002610000, 0x00000000053a0000)
 total_blobs=352 nmethods=94 adapters=211 free_code_cache=48449Kb largest_free_block=49592896

Compilation events (10 events):
Event: 4.551 Thread 0x0000000006b80800 nmethod 89 0x000000000244f710 code [0x000000000244f860, 0x000000000244f9f8]
Event: 4.551 Thread 0x0000000006b80800   90             sun.misc.VM::allowArraySyntax (4 bytes)
Event: 4.551 Thread 0x0000000006b80800 nmethod 90 0x0000000002450010 code [0x0000000002450140, 0x0000000002450198]
Event: 4.551 Thread 0x0000000006b80800   91             java.net.URL::getHost (5 bytes)
Event: 4.551 Thread 0x0000000006b80800 nmethod 91 0x000000000244f510 code [0x000000000244f640, 0x000000000244f698]
Event: 4.579 Thread 0x0000000006b80800   92             org.codehaus.plexus.util.xml.pull.MXParser::next (10 bytes)
Event: 4.579 Thread 0x0000000006b80800 nmethod 92 0x000000000244f290 code [0x000000000244f3e0, 0x000000000244f468]
Event: 4.596 Thread 0x0000000006b6e800   93   !         sun.net.www.ParseUtil::decode (316 bytes)
Event: 4.618 Thread 0x0000000006b80800   94             java.lang.Character::toUpperCaseEx (30 bytes)
Event: 4.620 Thread 0x0000000006b80800 nmethod 94 0x000000000244ee10 code [0x000000000244ef60, 0x000000000244f0f8]

GC Heap History (10 events):
Event: 2.167 GC heap before
{Heap before GC invocations=1 (full 0):
 PSYoungGen      total 10240K, used 9216K [0x00000000f5500000, 0x00000000f6000000, 0x0000000100000000)
  eden space 9216K, 100% used [0x00000000f5500000,0x00000000f5e00000,0x00000000f5e00000)
  from space 1024K, 0% used [0x00000000f5f00000,0x00000000f5f00000,0x00000000f6000000)
  to   space 1024K, 0% used [0x00000000f5e00000,0x00000000f5e00000,0x00000000f5f00000)
 ParOldGen       total 21504K, used 0K [0x00000000e0000000, 0x00000000e1500000, 0x00000000f5500000)
  object space 21504K, 0% used [0x00000000e0000000,0x00000000e0000000,0x00000000e1500000)
 PSPermGen       total 21504K, used 5410K [0x00000000dae00000, 0x00000000dc300000, 0x00000000e0000000)
  object space 21504K, 25% used [0x00000000dae00000,0x00000000db348ad8,0x00000000dc300000)
Event: 2.176 GC heap after
Heap after GC invocations=1 (full 0):
 PSYoungGen      total 10240K, used 998K [0x00000000f5500000, 0x00000000f6000000, 0x0000000100000000)
  eden space 9216K, 0% used [0x00000000f5500000,0x00000000f5500000,0x00000000f5e00000)
  from space 1024K, 97% used [0x00000000f5e00000,0x00000000f5ef9af8,0x00000000f5f00000)
  to   space 1024K, 0% used [0x00000000f5f00000,0x00000000f5f00000,0x00000000f6000000)
 ParOldGen       total 21504K, used 1180K [0x00000000e0000000, 0x00000000e1500000, 0x00000000f5500000)
  object space 21504K, 5% used [0x00000000e0000000,0x00000000e0127228,0x00000000e1500000)
 PSPermGen       total 21504K, used 5410K [0x00000000dae00000, 0x00000000dc300000, 0x00000000e0000000)
  object space 21504K, 25% used [0x00000000dae00000,0x00000000db348ad8,0x00000000dc300000)
}
Event: 2.832 GC heap before
{Heap before GC invocations=2 (full 0):
 PSYoungGen      total 10240K, used 10214K [0x00000000f5500000, 0x00000000f6000000, 0x0000000100000000)
  eden space 9216K, 100% used [0x00000000f5500000,0x00000000f5e00000,0x00000000f5e00000)
  from space 1024K, 97% used [0x00000000f5e00000,0x00000000f5ef9af8,0x00000000f5f00000)
  to   space 1024K, 0% used [0x00000000f5f00000,0x00000000f5f00000,0x00000000f6000000)
 ParOldGen       total 21504K, used 1180K [0x00000000e0000000, 0x00000000e1500000, 0x00000000f5500000)
  object space 21504K, 5% used [0x00000000e0000000,0x00000000e0127228,0x00000000e1500000)
 PSPermGen       total 21504K, used 6618K [0x00000000dae00000, 0x00000000dc300000, 0x00000000e0000000)
  object space 21504K, 30% used [0x00000000dae00000,0x00000000db4769e0,0x00000000dc300000)
Event: 2.842 GC heap after
Heap after GC invocations=2 (full 0):
 PSYoungGen      total 10240K, used 1015K [0x00000000f5500000, 0x00000000f6900000, 0x0000000100000000)
  eden space 9216K, 0% used [0x00000000f5500000,0x00000000f5500000,0x00000000f5e00000)
  from space 1024K, 99% used [0x00000000f5f00000,0x00000000f5ffde70,0x00000000f6000000)
  to   space 1024K, 0% used [0x00000000f5e00000,0x00000000f5e00000,0x00000000f5f00000)
 ParOldGen       total 21504K, used 2075K [0x00000000e0000000, 0x00000000e1500000, 0x00000000f5500000)
  object space 21504K, 9% used [0x00000000e0000000,0x00000000e0206e40,0x00000000e1500000)
 PSPermGen       total 21504K, used 6618K [0x00000000dae00000, 0x00000000dc300000, 0x00000000e0000000)
  object space 21504K, 30% used [0x00000000dae00000,0x00000000db4769e0,0x00000000dc300000)
}
Event: 3.031 GC heap before
{Heap before GC invocations=3 (full 0):
 PSYoungGen      total 10240K, used 10231K [0x00000000f5500000, 0x00000000f6900000, 0x0000000100000000)
  eden space 9216K, 100% used [0x00000000f5500000,0x00000000f5e00000,0x00000000f5e00000)
  from space 1024K, 99% used [0x00000000f5f00000,0x00000000f5ffde70,0x00000000f6000000)
  to   space 1024K, 0% used [0x00000000f5e00000,0x00000000f5e00000,0x00000000f5f00000)
 ParOldGen       total 21504K, used 2075K [0x00000000e0000000, 0x00000000e1500000, 0x00000000f5500000)
  object space 21504K, 9% used [0x00000000e0000000,0x00000000e0206e40,0x00000000e1500000)
 PSPermGen       total 21504K, used 6856K [0x00000000dae00000, 0x00000000dc300000, 0x00000000e0000000)
  object space 21504K, 31% used [0x00000000dae00000,0x00000000db4b20e0,0x00000000dc300000)
Event: 3.090 GC heap after
Heap after GC invocations=3 (full 0):
 PSYoungGen      total 10240K, used 1024K [0x00000000f5500000, 0x00000000f6900000, 0x0000000100000000)
  eden space 9216K, 0% used [0x00000000f5500000,0x00000000f5500000,0x00000000f5e00000)
  from space 1024K, 100% used [0x00000000f5e00000,0x00000000f5f00000,0x00000000f5f00000)
  to   space 1024K, 0% used [0x00000000f6800000,0x00000000f6800000,0x00000000f6900000)
 ParOldGen       total 21504K, used 2609K [0x00000000e0000000, 0x00000000e1500000, 0x00000000f5500000)
  object space 21504K, 12% used [0x00000000e0000000,0x00000000e028c4a0,0x00000000e1500000)
 PSPermGen       total 21504K, used 6856K [0x00000000dae00000, 0x00000000dc300000, 0x00000000e0000000)
  object space 21504K, 31% used [0x00000000dae00000,0x00000000db4b20e0,0x00000000dc300000)
}
Event: 3.481 GC heap before
{Heap before GC invocations=4 (full 0):
 PSYoungGen      total 10240K, used 10240K [0x00000000f5500000, 0x00000000f6900000, 0x0000000100000000)
  eden space 9216K, 100% used [0x00000000f5500000,0x00000000f5e00000,0x00000000f5e00000)
  from space 1024K, 100% used [0x00000000f5e00000,0x00000000f5f00000,0x00000000f5f00000)
  to   space 1024K, 0% used [0x00000000f6800000,0x00000000f6800000,0x00000000f6900000)
 ParOldGen       total 21504K, used 2609K [0x00000000e0000000, 0x00000000e1500000, 0x00000000f5500000)
  object space 21504K, 12% used [0x00000000e0000000,0x00000000e028c4a0,0x00000000e1500000)
 PSPermGen       total 21504K, used 7917K [0x00000000dae00000, 0x00000000dc300000, 0x00000000e0000000)
  object space 21504K, 36% used [0x00000000dae00000,0x00000000db5bb618,0x00000000dc300000)
Event: 3.490 GC heap after
Heap after GC invocations=4 (full 0):
 PSYoungGen      total 19456K, used 1008K [0x00000000f5500000, 0x00000000f6900000, 0x0000000100000000)
  eden space 18432K, 0% used [0x00000000f5500000,0x00000000f5500000,0x00000000f6700000)
  from space 1024K, 98% used [0x00000000f6800000,0x00000000f68fc010,0x00000000f6900000)
  to   space 1024K, 0% used [0x00000000f6700000,0x00000000f6700000,0x00000000f6800000)
 ParOldGen       total 21504K, used 4178K [0x00000000e0000000, 0x00000000e1500000, 0x00000000f5500000)
  object space 21504K, 19% used [0x00000000e0000000,0x00000000e0414a88,0x00000000e1500000)
 PSPermGen       total 21504K, used 7917K [0x00000000dae00000, 0x00000000dc300000, 0x00000000e0000000)
  object space 21504K, 36% used [0x00000000dae00000,0x00000000db5bb618,0x00000000dc300000)
}
Event: 4.421 GC heap before
{Heap before GC invocations=5 (full 0):
 PSYoungGen      total 19456K, used 19440K [0x00000000f5500000, 0x00000000f6900000, 0x0000000100000000)
  eden space 18432K, 100% used [0x00000000f5500000,0x00000000f6700000,0x00000000f6700000)
  from space 1024K, 98% used [0x00000000f6800000,0x00000000f68fc010,0x00000000f6900000)
  to   space 1024K, 0% used [0x00000000f6700000,0x00000000f6700000,0x00000000f6800000)
 ParOldGen       total 21504K, used 4178K [0x00000000e0000000, 0x00000000e1500000, 0x00000000f5500000)
  object space 21504K, 19% used [0x00000000e0000000,0x00000000e0414a88,0x00000000e1500000)
 PSPermGen       total 21504K, used 10543K [0x00000000dae00000, 0x00000000dc300000, 0x00000000e0000000)
  object space 21504K, 49% used [0x00000000dae00000,0x00000000db84bfb8,0x00000000dc300000)
Event: 4.430 GC heap after
Heap after GC invocations=5 (full 0):
 PSYoungGen      total 19456K, used 992K [0x00000000f5500000, 0x00000000f6900000, 0x0000000100000000)
  eden space 18432K, 0% used [0x00000000f5500000,0x00000000f5500000,0x00000000f6700000)
  from space 1024K, 96% used [0x00000000f6700000,0x00000000f67f8020,0x00000000f6800000)
  to   space 1024K, 0% used [0x00000000f6800000,0x00000000f6800000,0x00000000f6900000)
 ParOldGen       total 21504K, used 7159K [0x00000000e0000000, 0x00000000e1500000, 0x00000000f5500000)
  object space 21504K, 33% used [0x00000000e0000000,0x00000000e06fddf0,0x00000000e1500000)
 PSPermGen       total 21504K, used 10543K [0x00000000dae00000, 0x00000000dc300000, 0x00000000e0000000)
  object space 21504K, 49% used [0x00000000dae00000,0x00000000db84bfb8,0x00000000dc300000)
}

Deoptimization events (4 events):
Event: 4.117 Thread 0x0000000001d70000 Uncommon trap: reason=null_check action=make_not_entrant pc=0x000000000240a468 method=java.lang.String.equals(Ljava/lang/Object;)Z @ 8
Event: 4.475 Thread 0x0000000001d70000 Uncommon trap: reason=class_check action=maybe_recompile pc=0x000000000244d880 method=java.util.Properties$LineReader.readLine()I @ 62
Event: 4.476 Thread 0x0000000001d70000 Uncommon trap: reason=class_check action=maybe_recompile pc=0x000000000244d880 method=java.util.Properties$LineReader.readLine()I @ 62
Event: 4.552 Thread 0x0000000001d70000 Uncommon trap: reason=unloaded action=reinterpret pc=0x000000000244c7d8 method=java.lang.CharacterData.of(I)Ljava/lang/CharacterData; @ 96

Internal exceptions (10 events):
Event: 4.563 Thread 0x0000000001d70000 Threw 0x00000000f567a5a0 at C:\re\jdk7u45\229\hotspot\src\share\vm\prims\jvm.cpp:1244
Event: 4.563 Thread 0x0000000001d70000 Threw 0x00000000f567aba8 at C:\re\jdk7u45\229\hotspot\src\share\vm\prims\jvm.cpp:1244
Event: 4.581 Thread 0x0000000001d70000 Threw 0x00000000f56c4c50 at C:\re\jdk7u45\229\hotspot\src\share\vm\prims\jvm.cpp:1244
Event: 4.581 Thread 0x0000000001d70000 Threw 0x00000000f56c5330 at C:\re\jdk7u45\229\hotspot\src\share\vm\prims\jvm.cpp:1244
Event: 4.592 Thread 0x0000000001d70000 Threw 0x00000000f56cc080 at C:\re\jdk7u45\229\hotspot\src\share\vm\prims\jvm.cpp:1244
Event: 4.592 Thread 0x0000000001d70000 Threw 0x00000000f56cc720 at C:\re\jdk7u45\229\hotspot\src\share\vm\prims\jvm.cpp:1244
Event: 4.594 Thread 0x0000000001d70000 Threw 0x00000000f56d8d08 at C:\re\jdk7u45\229\hotspot\src\share\vm\prims\jvm.cpp:1244
Event: 4.594 Thread 0x0000000001d70000 Threw 0x00000000f56d9218 at C:\re\jdk7u45\229\hotspot\src\share\vm\prims\jvm.cpp:1244
Event: 4.620 Thread 0x0000000001d70000 Threw 0x00000000f56f1298 at C:\re\jdk7u45\229\hotspot\src\share\vm\prims\jvm.cpp:1244
Event: 4.620 Thread 0x0000000001d70000 Threw 0x00000000f56f1988 at C:\re\jdk7u45\229\hotspot\src\share\vm\prims\jvm.cpp:1244

Events (10 events):
Event: 4.563 loading class 0x00000000090d2c70
Event: 4.563 loading class 0x00000000090d2c70 done
Event: 4.581 loading class 0x00000000086bc460
Event: 4.581 loading class 0x00000000086bc460 done
Event: 4.592 loading class 0x00000000094179c0
Event: 4.592 loading class 0x00000000094179c0 done
Event: 4.594 loading class 0x0000000008f27170
Event: 4.594 loading class 0x0000000008f27170 done
Event: 4.620 loading class 0x00000000090d2c20
Event: 4.620 loading class 0x00000000090d2c20 done


Dynamic libraries:
0x000000013fed0000 - 0x000000013ff03000 	C:\Program Files\Java\jdk1.7.0_45\bin\java.exe
0x0000000076dd0000 - 0x0000000076f79000 	C:\Windows\SYSTEM32\ntdll.dll
0x00000000766f0000 - 0x000000007680f000 	C:\Windows\system32\kernel32.dll
0x000007fefd380000 - 0x000007fefd3eb000 	C:\Windows\system32\KERNELBASE.dll
0x000007fefe1c0000 - 0x000007fefe29b000 	C:\Windows\system32\ADVAPI32.dll
0x000007fefdd30000 - 0x000007fefddcf000 	C:\Windows\system32\msvcrt.dll
0x000007fefda60000 - 0x000007fefda7f000 	C:\Windows\SYSTEM32\sechost.dll
0x000007fefe090000 - 0x000007fefe1bd000 	C:\Windows\system32\RPCRT4.dll
0x0000000076b80000 - 0x0000000076c7a000 	C:\Windows\system32\USER32.dll
0x000007fefddd0000 - 0x000007fefde37000 	C:\Windows\system32\GDI32.dll
0x000007fefdd20000 - 0x000007fefdd2e000 	C:\Windows\system32\LPK.dll
0x000007fefde40000 - 0x000007fefdf09000 	C:\Windows\system32\USP10.dll
0x000007fefb8f0000 - 0x000007fefbae4000 	C:\Windows\WinSxS\amd64_microsoft.windows.common-controls_6595b64144ccf1df_6.0.7601.17514_none_fa396087175ac9ac\COMCTL32.dll
0x000007fefdf10000 - 0x000007fefdf81000 	C:\Windows\system32\SHLWAPI.dll
0x000007fefdcf0000 - 0x000007fefdd1e000 	C:\Windows\system32\IMM32.DLL
0x000007fefd950000 - 0x000007fefda59000 	C:\Windows\system32\MSCTF.dll
0x000000006b700000 - 0x000000006b7d2000 	C:\Program Files\Java\jdk1.7.0_45\jre\bin\msvcr100.dll
0x0000000065790000 - 0x0000000065f59000 	C:\Program Files\Java\jdk1.7.0_45\jre\bin\server\jvm.dll
0x000007fef9200000 - 0x000007fef9209000 	C:\Windows\system32\WSOCK32.dll
0x000007feff030000 - 0x000007feff07d000 	C:\Windows\system32\WS2_32.dll
0x000007fefdb00000 - 0x000007fefdb08000 	C:\Windows\system32\NSI.dll
0x000007fefafd0000 - 0x000007fefb00b000 	C:\Windows\system32\WINMM.dll
0x0000000076fa0000 - 0x0000000076fa7000 	C:\Windows\system32\PSAPI.DLL
0x0000000072f60000 - 0x0000000072f6f000 	C:\Program Files\Java\jdk1.7.0_45\jre\bin\verify.dll
0x000000006ba20000 - 0x000000006ba48000 	C:\Program Files\Java\jdk1.7.0_45\jre\bin\java.dll
0x000000006b9b0000 - 0x000000006b9c5000 	C:\Program Files\Java\jdk1.7.0_45\jre\bin\zip.dll
0x000000006fd20000 - 0x000000006fd39000 	C:\Program Files\Java\jdk1.7.0_45\jre\bin\net.dll
0x000007fefca60000 - 0x000007fefcab5000 	C:\Windows\system32\mswsock.dll
0x000007fefca50000 - 0x000007fefca57000 	C:\Windows\System32\wship6.dll
0x000000006b990000 - 0x000000006b9a1000 	C:\Program Files\Java\jdk1.7.0_45\jre\bin\nio.dll
0x000007fefd100000 - 0x000007fefd157000 	C:\Windows\system32\apphelp.dll

VM Arguments:
jvm_args: -Dclassworlds.conf=D:\NetBeans 7.4\java\maven\bin\m2.conf -Dmaven.home=D:\NetBeans 7.4\java\maven 
java_command: org.codehaus.plexus.classworlds.launcher.Launcher -Dnetbeans.deploy=true -Dmaven.ext.class.path=D:\NetBeans 7.4\java\maven-nblib\netbeans-eventspy.jar package
Launcher Type: SUN_STANDARD

Environment Variables:
JAVA_HOME=C:\Program Files\Java\jdk1.7.0_45
CLASSPATH=.;C:\Program Files (x86)\Java\jre6\lib\ext\QTJava.zip
PATH=C:\Program Files\Java\jdk1.7.0_45/bin;C:\Program Files\Java\jre7;C:\Program Files (x86)\Caminova\Document Express DjVu Plug-in\;d:\AVR Toolchain\bin;D:\Python27\;D:\WinAVR-20100110\bin;D:\WinAVR-20100110\utils\bin;C:\Windows\system32;C:\Windows;C:\Windows\System32\Wbem;C:\Windows\System32\WindowsPowerShell\v1.0\;D:\MPLAB\MPLAB IDE\VDI;D:\Samsung PC Studio 3;C:\Program Files (x86)\Microsoft SQL Server\100\Tools\Binn\;C:\Program Files (x86)\Microsoft SQL Server\100\DTS\Binn\;C:\Program Files (x86)\MKVtoolnix;c:\program files\ht-pic18\bin;c:\program files\ht-pic18;C:\Program Files (x86)\HI-TECH Software\PICC\PRO\9.65\bin;C:\Program Files (x86)\HI-TECH Software\PICC-18\PRO\9.63\bin;C:\Program Files (x86)\Common Files\Autodesk Shared\;C:\Program Files (x86)\QuickTime\QTSystem\;D:\Altium Designer S09 Viewer\System;D:\P-CAD 2006 Viewer\;d:\Play\play-2.2.1
USERNAME=Алексей
OS=Windows_NT
PROCESSOR_IDENTIFIER=Intel64 Family 6 Model 15 Stepping 13, GenuineIntel



---------------  S Y S T E M  ---------------

OS: Windows 7 , 64 bit Build 7601 Service Pack 1

CPU:total 2 (2 cores per cpu, 1 threads per core) family 6 model 15 stepping 13, cmov, cx8, fxsr, mmx, sse, sse2, sse3, ssse3, tsc

Memory: 4k page, physical 2095608k(176352k free), swap 3543244k(5128k free)

vm_info: Java HotSpot(TM) 64-Bit Server VM (24.45-b08) for windows-amd64 JRE (1.7.0_45-b18), built on Oct  8 2013 05:47:22 by "java_re" with unknown MS VC++:1600

time: Sun Feb 02 19:59:39 2014
elapsed time: 4 seconds

